<?xml version="1.0" encoding="UTF-8"?>
<testsuite xmlns:xsi="http://www.w3.org/2001/XMLSchema-instance" xsi:noNamespaceSchemaLocation="https://maven.apache.org/surefire/maven-surefire-plugin/xsd/surefire-test-report.xsd" version="3.0.2" name="com.example.company.asyncawaitjava.task.TaskManagerTest" time="17.219" tests="8" errors="0" skipped="0" failures="0">
  <properties>
[...]
</properties>
  <testcase name="testLongRunningTask" classname="com.example.company.asyncawaitjava.task.TaskManagerTest" time="3.057">
    <system-err><![CDATA[jun 16, 2025 4:15:53 P. M. com.example.company.asyncawaitjava.task.TaskManager processTaskCompletion
INFO: Procesando tarea: task=com.example.company.asyncawaitjava.task.Task@72967906, datos=LongData, isCancelled=false, isFailed=false
jun 16, 2025 4:15:53 P. M. com.example.company.asyncawaitjava.task.TaskManager processTaskCompletion
INFO: Tarea completada exitosamente: task=com.example.company.asyncawaitjava.task.Task@72967906, datos=LongData
jun 16, 2025 4:15:53 P. M. com.example.company.asyncawaitjava.task.TaskManager cleanupTask
INFO: Limpiando tarea=com.example.company.asyncawaitjava.task.Task@72967906, datos=LongData
jun 16, 2025 4:15:53 P. M. com.example.company.asyncawaitjava.task.TaskManager awaitAll
INFO: Iniciando awaitAll, tareas activas=0, métricas=Métricas de TaskManager: Completadas=1, Canceladas=0, Fallidas=0, Expiradas=0, Activas=0
jun 16, 2025 4:15:53 P. M. com.example.company.asyncawaitjava.task.TaskManager awaitAll
INFO: Finalizado awaitAll, tareas activas=0, métricas=Métricas de TaskManager: Completadas=1, Canceladas=0, Fallidas=0, Expiradas=0, Activas=0
jun 16, 2025 4:15:53 P. M. com.example.company.asyncawaitjava.task.TaskManager shutdownExecutors
INFO: Ejecutor java.util.concurrent.ScheduledThreadPoolExecutor@223191a6[Terminated, pool size = 0, active threads = 0, queued tasks = 0, completed tasks = 1] cerrado exitosamente tras 1 intento(s)
jun 16, 2025 4:15:53 P. M. com.example.company.asyncawaitjava.task.TaskManager shutdownExecutors
INFO: Ejecutor java.util.concurrent.ThreadPoolExecutor@59662a0b[Terminated, pool size = 0, active threads = 0, queued tasks = 0, completed tasks = 3] cerrado exitosamente tras 1 intento(s)
jun 16, 2025 4:15:53 P. M. com.example.company.asyncawaitjava.task.TaskManager shutdownExecutors
INFO: Ejecutor java.util.concurrent.ThreadPoolExecutor@55183b20[Terminated, pool size = 0, active threads = 0, queued tasks = 0, completed tasks = 0] cerrado exitosamente tras 1 intento(s)
jun 16, 2025 4:15:53 P. M. com.example.company.asyncawaitjava.task.TaskManager close
INFO: TaskManager cerrado, tareas activas: 0, completadas: 1, canceladas: 0, fallidas: 0, timedOut: 0
]]></system-err>
  </testcase>
  <testcase name="testSequentialTasksWithStrictAsync" classname="com.example.company.asyncawaitjava.task.TaskManagerTest" time="6.656">
    <system-out><![CDATA[Iniciando paso 1 con stepCounter=0
Ejecutando paso 1 (async) con retraso 184ms
Iniciando paso 2 con stepCounter=1
Callback ignorado para tarea intermedia, datos=test
Ejecutando paso 2 (async) con retraso 283ms
Iniciando paso 3 con stepCounter=2
Callback ignorado para tarea intermedia, datos=test
Ejecutando paso 3 (async) con retraso 108ms
Callback activado para tarea final, datos=test
]]></system-out>
    <system-err><![CDATA[jun 16, 2025 4:15:53 P. M. com.example.company.asyncawaitjava.task.TaskManager addTasks
INFO: Programadas 3 tareas en modo SEQUENTIAL_STRICT: data=test, priority=10
jun 16, 2025 4:15:53 P. M. com.example.company.asyncawaitjava.task.TaskManager processTaskCompletion
INFO: Procesando tarea: task=com.example.company.asyncawaitjava.task.Task@4c583ecf, datos=test, isCancelled=false, isFailed=false
jun 16, 2025 4:15:53 P. M. com.example.company.asyncawaitjava.task.TaskManager processTaskCompletion
INFO: Tarea completada exitosamente: task=com.example.company.asyncawaitjava.task.Task@4c583ecf, datos=test
jun 16, 2025 4:15:53 P. M. com.example.company.asyncawaitjava.task.TaskManager cleanupTask
INFO: Limpiando tarea=com.example.company.asyncawaitjava.task.Task@4c583ecf, datos=test
jun 16, 2025 4:15:53 P. M. com.example.company.asyncawaitjava.task.TaskManager processTaskCompletion
INFO: Procesando tarea: task=com.example.company.asyncawaitjava.task.Task@7b98f307, datos=test, isCancelled=false, isFailed=false
jun 16, 2025 4:15:53 P. M. com.example.company.asyncawaitjava.task.TaskManager processTaskCompletion
INFO: Tarea completada exitosamente: task=com.example.company.asyncawaitjava.task.Task@7b98f307, datos=test
jun 16, 2025 4:15:53 P. M. com.example.company.asyncawaitjava.task.TaskManager cleanupTask
INFO: Limpiando tarea=com.example.company.asyncawaitjava.task.Task@7b98f307, datos=test
jun 16, 2025 4:15:53 P. M. com.example.company.asyncawaitjava.task.TaskManager awaitAll
INFO: Iniciando awaitAll, tareas activas=0, métricas=Métricas de TaskManager: Completadas=2, Canceladas=0, Fallidas=0, Expiradas=0, Activas=0
jun 16, 2025 4:15:58 P. M. com.example.company.asyncawaitjava.task.TaskManager awaitAll
WARNING: taskExecutor no terminó en 5 segundos, forzando cierre
jun 16, 2025 4:15:59 P. M. com.example.company.asyncawaitjava.task.TaskManager awaitAll
SEVERE: No se pudo cerrar completamente el taskExecutor
jun 16, 2025 4:15:59 P. M. com.example.company.asyncawaitjava.task.TaskManager processTaskCompletion
INFO: Procesando tarea: task=com.example.company.asyncawaitjava.task.Task@65fb9ffc, datos=test, isCancelled=false, isFailed=false
jun 16, 2025 4:15:59 P. M. com.example.company.asyncawaitjava.task.TaskManager awaitAll
INFO: Finalizado awaitAll, tareas activas=0, métricas=Métricas de TaskManager: Completadas=2, Canceladas=0, Fallidas=0, Expiradas=0, Activas=0
jun 16, 2025 4:15:59 P. M. com.example.company.asyncawaitjava.task.TaskManager processTaskCompletion
INFO: Tarea completada exitosamente: task=com.example.company.asyncawaitjava.task.Task@65fb9ffc, datos=test
jun 16, 2025 4:15:59 P. M. com.example.company.asyncawaitjava.task.TaskManager cleanupTask
INFO: Limpiando tarea=com.example.company.asyncawaitjava.task.Task@65fb9ffc, datos=test
jun 16, 2025 4:15:59 P. M. com.example.company.asyncawaitjava.task.TaskManager shutdownExecutors
INFO: Ejecutor java.util.concurrent.ScheduledThreadPoolExecutor@3c19aaa5[Terminated, pool size = 0, active threads = 0, queued tasks = 0, completed tasks = 3] cerrado exitosamente tras 1 intento(s)
jun 16, 2025 4:15:59 P. M. com.example.company.asyncawaitjava.task.TaskManager shutdownExecutors
INFO: Ejecutor java.util.concurrent.ThreadPoolExecutor@2a3b5b47[Terminated, pool size = 0, active threads = 0, queued tasks = 0, completed tasks = 9] cerrado exitosamente tras 1 intento(s)
jun 16, 2025 4:15:59 P. M. com.example.company.asyncawaitjava.task.TaskManager shutdownExecutors
INFO: Ejecutor java.util.concurrent.ThreadPoolExecutor@3590fc5b[Terminated, pool size = 0, active threads = 0, queued tasks = 0, completed tasks = 1] cerrado exitosamente tras 1 intento(s)
jun 16, 2025 4:15:59 P. M. com.example.company.asyncawaitjava.task.TaskManager close
INFO: TaskManager cerrado, tareas activas: 0, completadas: 3, canceladas: 0, fallidas: 0, timedOut: 0
jun 16, 2025 4:15:59 P. M. com.example.company.asyncawaitjava.task.TaskManager shutdownExecutors
INFO: Ejecutor java.util.concurrent.ScheduledThreadPoolExecutor@6cf0e0ba[Terminated, pool size = 0, active threads = 0, queued tasks = 0, completed tasks = 0] cerrado exitosamente tras 1 intento(s)
jun 16, 2025 4:15:59 P. M. com.example.company.asyncawaitjava.task.TaskManager shutdownExecutors
INFO: Ejecutor java.util.concurrent.ThreadPoolExecutor@1283bb96[Terminated, pool size = 0, active threads = 0, queued tasks = 0, completed tasks = 0] cerrado exitosamente tras 1 intento(s)
jun 16, 2025 4:15:59 P. M. com.example.company.asyncawaitjava.task.TaskManager shutdownExecutors
INFO: Ejecutor java.util.concurrent.ThreadPoolExecutor@293a5bf6[Terminated, pool size = 0, active threads = 0, queued tasks = 0, completed tasks = 0] cerrado exitosamente tras 1 intento(s)
jun 16, 2025 4:15:59 P. M. com.example.company.asyncawaitjava.task.TaskManager close
INFO: TaskManager cerrado, tareas activas: 0, completadas: 0, canceladas: 0, fallidas: 0, timedOut: 0
]]></system-err>
  </testcase>
  <testcase name="testScheduleTaskSuccess" classname="com.example.company.asyncawaitjava.task.TaskManagerTest" time="0.033">
    <system-err><![CDATA[jun 16, 2025 4:15:59 P. M. com.example.company.asyncawaitjava.task.TaskManager processTaskCompletion
INFO: Procesando tarea: task=com.example.company.asyncawaitjava.task.Task@3754a4bf, datos=TestData, isCancelled=false, isFailed=false
jun 16, 2025 4:15:59 P. M. com.example.company.asyncawaitjava.task.TaskManager processTaskCompletion
INFO: Tarea completada exitosamente: task=com.example.company.asyncawaitjava.task.Task@3754a4bf, datos=TestData
jun 16, 2025 4:15:59 P. M. com.example.company.asyncawaitjava.task.TaskManager cleanupTask
INFO: Limpiando tarea=com.example.company.asyncawaitjava.task.Task@3754a4bf, datos=TestData
jun 16, 2025 4:15:59 P. M. com.example.company.asyncawaitjava.task.TaskManager awaitAll
INFO: Iniciando awaitAll, tareas activas=0, métricas=Métricas de TaskManager: Completadas=1, Canceladas=0, Fallidas=0, Expiradas=0, Activas=0
jun 16, 2025 4:15:59 P. M. com.example.company.asyncawaitjava.task.TaskManager awaitAll
INFO: Finalizado awaitAll, tareas activas=0, métricas=Métricas de TaskManager: Completadas=1, Canceladas=0, Fallidas=0, Expiradas=0, Activas=0
jun 16, 2025 4:15:59 P. M. com.example.company.asyncawaitjava.task.TaskManager shutdownExecutors
INFO: Ejecutor java.util.concurrent.ScheduledThreadPoolExecutor@30c15d8b[Terminated, pool size = 0, active threads = 0, queued tasks = 0, completed tasks = 1] cerrado exitosamente tras 1 intento(s)
jun 16, 2025 4:15:59 P. M. com.example.company.asyncawaitjava.task.TaskManager shutdownExecutors
INFO: Ejecutor java.util.concurrent.ThreadPoolExecutor@2b71e916[Terminated, pool size = 0, active threads = 0, queued tasks = 0, completed tasks = 3] cerrado exitosamente tras 1 intento(s)
jun 16, 2025 4:15:59 P. M. com.example.company.asyncawaitjava.task.TaskManager shutdownExecutors
INFO: Ejecutor java.util.concurrent.ThreadPoolExecutor@5b7a5baa[Terminated, pool size = 0, active threads = 0, queued tasks = 0, completed tasks = 0] cerrado exitosamente tras 1 intento(s)
jun 16, 2025 4:15:59 P. M. com.example.company.asyncawaitjava.task.TaskManager close
INFO: TaskManager cerrado, tareas activas: 0, completadas: 1, canceladas: 0, fallidas: 0, timedOut: 0
]]></system-err>
  </testcase>
  <testcase name="testSequentialTasksWithStrict" classname="com.example.company.asyncawaitjava.task.TaskManagerTest" time="0.021">
    <system-out><![CDATA[Ejecutando paso 1
Ejecutando paso 2
Ejecutando paso 3
]]></system-out>
    <system-err><![CDATA[jun 16, 2025 4:15:59 P. M. com.example.company.asyncawaitjava.task.TaskManager addTasks
INFO: Programadas 3 tareas en modo SEQUENTIAL_STRICT: data=test, priority=10
jun 16, 2025 4:15:59 P. M. com.example.company.asyncawaitjava.task.TaskManager processTaskCompletion
INFO: Procesando tarea: task=com.example.company.asyncawaitjava.task.Task@2d1ef81a, datos=test, isCancelled=false, isFailed=false
jun 16, 2025 4:15:59 P. M. com.example.company.asyncawaitjava.task.TaskManager processTaskCompletion
INFO: Tarea completada exitosamente: task=com.example.company.asyncawaitjava.task.Task@2d1ef81a, datos=test
jun 16, 2025 4:15:59 P. M. com.example.company.asyncawaitjava.task.TaskManager cleanupTask
INFO: Limpiando tarea=com.example.company.asyncawaitjava.task.Task@2d1ef81a, datos=test
jun 16, 2025 4:15:59 P. M. com.example.company.asyncawaitjava.task.TaskManager processTaskCompletion
INFO: Procesando tarea: task=com.example.company.asyncawaitjava.task.Task@5b12b668, datos=test, isCancelled=false, isFailed=false
jun 16, 2025 4:15:59 P. M. com.example.company.asyncawaitjava.task.TaskManager shutdownExecutors
INFO: Ejecutor java.util.concurrent.ScheduledThreadPoolExecutor@1d296da[Terminated, pool size = 0, active threads = 0, queued tasks = 0, completed tasks = 0] cerrado exitosamente tras 1 intento(s)
jun 16, 2025 4:15:59 P. M. com.example.company.asyncawaitjava.task.TaskManager shutdownExecutors
INFO: Ejecutor java.util.concurrent.ThreadPoolExecutor@3c46e67a[Terminated, pool size = 0, active threads = 0, queued tasks = 0, completed tasks = 0] cerrado exitosamente tras 1 intento(s)
jun 16, 2025 4:15:59 P. M. com.example.company.asyncawaitjava.task.TaskManager processTaskCompletion
INFO: Tarea completada exitosamente: task=com.example.company.asyncawaitjava.task.Task@5b12b668, datos=test
jun 16, 2025 4:15:59 P. M. com.example.company.asyncawaitjava.task.TaskManager shutdownExecutors
INFO: Ejecutor java.util.concurrent.ThreadPoolExecutor@408d971b[Terminated, pool size = 0, active threads = 0, queued tasks = 0, completed tasks = 0] cerrado exitosamente tras 1 intento(s)
jun 16, 2025 4:15:59 P. M. com.example.company.asyncawaitjava.task.TaskManager cleanupTask
INFO: Limpiando tarea=com.example.company.asyncawaitjava.task.Task@5b12b668, datos=test
jun 16, 2025 4:15:59 P. M. com.example.company.asyncawaitjava.task.TaskManager close
INFO: TaskManager cerrado, tareas activas: 0, completadas: 0, canceladas: 0, fallidas: 0, timedOut: 0
jun 16, 2025 4:15:59 P. M. com.example.company.asyncawaitjava.task.TaskManager processTaskCompletion
INFO: Procesando tarea: task=com.example.company.asyncawaitjava.task.Task@7586beff, datos=test, isCancelled=false, isFailed=false
]]></system-err>
  </testcase>
  <testcase name="testRetries" classname="com.example.company.asyncawaitjava.task.TaskManagerTest" time="0.32">
    <system-err><![CDATA[jun 16, 2025 4:15:59 P. M. com.example.company.asyncawaitjava.task.TaskManager processTaskCompletion
INFO: Tarea completada exitosamente: task=com.example.company.asyncawaitjava.task.Task@7586beff, datos=test
jun 16, 2025 4:15:59 P. M. com.example.company.asyncawaitjava.task.TaskManager cleanupTask
INFO: Limpiando tarea=com.example.company.asyncawaitjava.task.Task@7586beff, datos=test
jun 16, 2025 4:16:00 P. M. com.example.company.asyncawaitjava.task.TaskManager$1RetryAttempt attempt
WARNING: Error tras 3 intentos, reintentos=2: Fallo intencional
jun 16, 2025 4:16:00 P. M. com.example.company.asyncawaitjava.task.Task lambda$execute$0
WARNING: Task execution failed: Error ejecutando la tarea tras 3 intentos
jun 16, 2025 4:16:00 P. M. com.example.company.asyncawaitjava.task.TaskManager processTaskCompletion
INFO: Procesando tarea: task=com.example.company.asyncawaitjava.task.Task@31190526, datos=RetryData, isCancelled=false, isFailed=true
jun 16, 2025 4:16:00 P. M. com.example.company.asyncawaitjava.task.TaskManager cleanupTask
INFO: Limpiando tarea=com.example.company.asyncawaitjava.task.Task@31190526, datos=RetryData
jun 16, 2025 4:16:00 P. M. com.example.company.asyncawaitjava.task.TaskManager awaitAll
INFO: Iniciando awaitAll, tareas activas=0, métricas=Métricas de TaskManager: Completadas=0, Canceladas=0, Fallidas=1, Expiradas=0, Activas=0
jun 16, 2025 4:16:00 P. M. com.example.company.asyncawaitjava.task.TaskManager awaitAll
INFO: Finalizado awaitAll, tareas activas=0, métricas=Métricas de TaskManager: Completadas=0, Canceladas=0, Fallidas=1, Expiradas=0, Activas=0
jun 16, 2025 4:16:00 P. M. com.example.company.asyncawaitjava.task.TaskManager shutdownExecutors
INFO: Ejecutor java.util.concurrent.ScheduledThreadPoolExecutor@10683d9d[Terminated, pool size = 0, active threads = 0, queued tasks = 0, completed tasks = 3] cerrado exitosamente tras 1 intento(s)
jun 16, 2025 4:16:00 P. M. com.example.company.asyncawaitjava.task.TaskManager shutdownExecutors
INFO: Ejecutor java.util.concurrent.ThreadPoolExecutor@682b2fa[Terminated, pool size = 0, active threads = 0, queued tasks = 0, completed tasks = 3] cerrado exitosamente tras 1 intento(s)
jun 16, 2025 4:16:00 P. M. com.example.company.asyncawaitjava.task.TaskManager shutdownExecutors
INFO: Ejecutor java.util.concurrent.ThreadPoolExecutor@77c2494c[Terminated, pool size = 0, active threads = 0, queued tasks = 0, completed tasks = 0] cerrado exitosamente tras 1 intento(s)
jun 16, 2025 4:16:00 P. M. com.example.company.asyncawaitjava.task.TaskManager close
INFO: TaskManager cerrado, tareas activas: 0, completadas: 0, canceladas: 0, fallidas: 1, timedOut: 0
]]></system-err>
  </testcase>
  <testcase name="testAbruptClose" classname="com.example.company.asyncawaitjava.task.TaskManagerTest" time="5.013">
    <system-err><![CDATA[jun 16, 2025 4:16:01 P. M. com.example.company.asyncawaitjava.task.Task cancel
INFO: Task cancellation: task=com.example.company.asyncawaitjava.task.Task@3857f613, cancelled=true
jun 16, 2025 4:16:01 P. M. com.example.company.asyncawaitjava.task.Task cancel
INFO: Interrupted task thread: TaskManager-Executor-1
jun 16, 2025 4:16:01 P. M. com.example.company.asyncawaitjava.task.TaskManager executeWithRetries
WARNING: Interrumpido durante la ejecución de la tarea, intentos=1
jun 16, 2025 4:16:01 P. M. com.example.company.asyncawaitjava.task.Task lambda$execute$0
WARNING: Task execution failed: Interrumpido durante la ejecución de la tarea
jun 16, 2025 4:16:05 P. M. com.example.company.asyncawaitjava.task.TaskManager shutdownExecutors
INFO: Ejecutor java.util.concurrent.ScheduledThreadPoolExecutor@3cd3e762[Terminated, pool size = 0, active threads = 0, queued tasks = 0, completed tasks = 1] cerrado exitosamente tras 1 intento(s)
jun 16, 2025 4:16:05 P. M. com.example.company.asyncawaitjava.task.TaskManager shutdownExecutors
INFO: Ejecutor java.util.concurrent.ThreadPoolExecutor@6ed3ccb2[Terminated, pool size = 0, active threads = 0, queued tasks = 0, completed tasks = 2] cerrado exitosamente tras 1 intento(s)
jun 16, 2025 4:16:05 P. M. com.example.company.asyncawaitjava.task.TaskManager shutdownExecutors
INFO: Ejecutor java.util.concurrent.ThreadPoolExecutor@62ddbd7e[Terminated, pool size = 0, active threads = 0, queued tasks = 0, completed tasks = 1] cerrado exitosamente tras 1 intento(s)
jun 16, 2025 4:16:05 P. M. com.example.company.asyncawaitjava.task.TaskManager close
INFO: TaskManager cerrado, tareas activas: 0, completadas: 0, canceladas: 1, fallidas: 0, timedOut: 0
]]></system-err>
  </testcase>
  <testcase name="testConcurrentTasksWithPriorities" classname="com.example.company.asyncawaitjava.task.TaskManagerTest" time="0.096">
    <system-err><![CDATA[jun 16, 2025 4:16:05 P. M. com.example.company.asyncawaitjava.task.TaskManagerTest lambda$testConcurrentTasksWithPriorities$1
INFO: Completando tarea Data0
jun 16, 2025 4:16:05 P. M. com.example.company.asyncawaitjava.task.TaskManager processTaskCompletion
INFO: Procesando tarea: task=com.example.company.asyncawaitjava.task.Task@2a5c8d3f, datos=Data0, isCancelled=false, isFailed=false
jun 16, 2025 4:16:05 P. M. com.example.company.asyncawaitjava.task.TaskManagerTest lambda$testConcurrentTasksWithPriorities$1
INFO: Completando tarea Data1
jun 16, 2025 4:16:05 P. M. com.example.company.asyncawaitjava.task.TaskManager processTaskCompletion
INFO: Tarea completada exitosamente: task=com.example.company.asyncawaitjava.task.Task@2a5c8d3f, datos=Data0
jun 16, 2025 4:16:05 P. M. com.example.company.asyncawaitjava.task.TaskManagerTest lambda$testConcurrentTasksWithPriorities$0
INFO: Callback recibido para: Data0
jun 16, 2025 4:16:05 P. M. com.example.company.asyncawaitjava.task.TaskManager cleanupTask
INFO: Limpiando tarea=com.example.company.asyncawaitjava.task.Task@2a5c8d3f, datos=Data0
jun 16, 2025 4:16:05 P. M. com.example.company.asyncawaitjava.task.TaskManager processTaskCompletion
INFO: Procesando tarea: task=com.example.company.asyncawaitjava.task.Task@45c7e403, datos=Data1, isCancelled=false, isFailed=false
jun 16, 2025 4:16:05 P. M. com.example.company.asyncawaitjava.task.TaskManagerTest lambda$testConcurrentTasksWithPriorities$1
INFO: Completando tarea Data2
jun 16, 2025 4:16:05 P. M. com.example.company.asyncawaitjava.task.TaskManager processTaskCompletion
INFO: Tarea completada exitosamente: task=com.example.company.asyncawaitjava.task.Task@45c7e403, datos=Data1
jun 16, 2025 4:16:05 P. M. com.example.company.asyncawaitjava.task.TaskManagerTest lambda$testConcurrentTasksWithPriorities$0
INFO: Callback recibido para: Data1
jun 16, 2025 4:16:05 P. M. com.example.company.asyncawaitjava.task.TaskManager cleanupTask
INFO: Limpiando tarea=com.example.company.asyncawaitjava.task.Task@45c7e403, datos=Data1
jun 16, 2025 4:16:05 P. M. com.example.company.asyncawaitjava.task.TaskManager processTaskCompletion
INFO: Procesando tarea: task=com.example.company.asyncawaitjava.task.Task@65e98b1c, datos=Data2, isCancelled=false, isFailed=false
jun 16, 2025 4:16:05 P. M. com.example.company.asyncawaitjava.task.TaskManagerTest lambda$testConcurrentTasksWithPriorities$1
INFO: Completando tarea Data3
jun 16, 2025 4:16:05 P. M. com.example.company.asyncawaitjava.task.TaskManager processTaskCompletion
INFO: Tarea completada exitosamente: task=com.example.company.asyncawaitjava.task.Task@65e98b1c, datos=Data2
jun 16, 2025 4:16:05 P. M. com.example.company.asyncawaitjava.task.TaskManagerTest lambda$testConcurrentTasksWithPriorities$0
INFO: Callback recibido para: Data2
jun 16, 2025 4:16:05 P. M. com.example.company.asyncawaitjava.task.TaskManager cleanupTask
INFO: Limpiando tarea=com.example.company.asyncawaitjava.task.Task@65e98b1c, datos=Data2
jun 16, 2025 4:16:05 P. M. com.example.company.asyncawaitjava.task.TaskManager processTaskCompletion
INFO: Procesando tarea: task=com.example.company.asyncawaitjava.task.Task@510f3d34, datos=Data3, isCancelled=false, isFailed=false
jun 16, 2025 4:16:05 P. M. com.example.company.asyncawaitjava.task.TaskManagerTest lambda$testConcurrentTasksWithPriorities$1
INFO: Completando tarea Data4
jun 16, 2025 4:16:05 P. M. com.example.company.asyncawaitjava.task.TaskManager processTaskCompletion
INFO: Tarea completada exitosamente: task=com.example.company.asyncawaitjava.task.Task@510f3d34, datos=Data3
jun 16, 2025 4:16:05 P. M. com.example.company.asyncawaitjava.task.TaskManagerTest lambda$testConcurrentTasksWithPriorities$0
INFO: Callback recibido para: Data3
jun 16, 2025 4:16:05 P. M. com.example.company.asyncawaitjava.task.TaskManager cleanupTask
INFO: Limpiando tarea=com.example.company.asyncawaitjava.task.Task@510f3d34, datos=Data3
jun 16, 2025 4:16:05 P. M. com.example.company.asyncawaitjava.task.TaskManager processTaskCompletion
INFO: Procesando tarea: task=com.example.company.asyncawaitjava.task.Task@2362f559, datos=Data4, isCancelled=false, isFailed=false
jun 16, 2025 4:16:05 P. M. com.example.company.asyncawaitjava.task.TaskManager processTaskCompletion
INFO: Tarea completada exitosamente: task=com.example.company.asyncawaitjava.task.Task@2362f559, datos=Data4
jun 16, 2025 4:16:05 P. M. com.example.company.asyncawaitjava.task.TaskManagerTest lambda$testConcurrentTasksWithPriorities$1
INFO: Completando tarea Data5
jun 16, 2025 4:16:05 P. M. com.example.company.asyncawaitjava.task.TaskManager cleanupTask
INFO: Limpiando tarea=com.example.company.asyncawaitjava.task.Task@2362f559, datos=Data4
jun 16, 2025 4:16:05 P. M. com.example.company.asyncawaitjava.task.TaskManagerTest lambda$testConcurrentTasksWithPriorities$0
INFO: Callback recibido para: Data4
jun 16, 2025 4:16:05 P. M. com.example.company.asyncawaitjava.task.TaskManager processTaskCompletion
INFO: Procesando tarea: task=com.example.company.asyncawaitjava.task.Task@fa4c865, datos=Data5, isCancelled=false, isFailed=false
jun 16, 2025 4:16:05 P. M. com.example.company.asyncawaitjava.task.TaskManager processTaskCompletion
INFO: Tarea completada exitosamente: task=com.example.company.asyncawaitjava.task.Task@fa4c865, datos=Data5
jun 16, 2025 4:16:05 P. M. com.example.company.asyncawaitjava.task.TaskManager cleanupTask
INFO: Limpiando tarea=com.example.company.asyncawaitjava.task.Task@fa4c865, datos=Data5
jun 16, 2025 4:16:05 P. M. com.example.company.asyncawaitjava.task.TaskManagerTest lambda$testConcurrentTasksWithPriorities$0
INFO: Callback recibido para: Data5
jun 16, 2025 4:16:05 P. M. com.example.company.asyncawaitjava.task.TaskManagerTest lambda$testConcurrentTasksWithPriorities$1
INFO: Completando tarea Data6
jun 16, 2025 4:16:05 P. M. com.example.company.asyncawaitjava.task.TaskManager processTaskCompletion
INFO: Procesando tarea: task=com.example.company.asyncawaitjava.task.Task@247bddad, datos=Data6, isCancelled=false, isFailed=false
jun 16, 2025 4:16:05 P. M. com.example.company.asyncawaitjava.task.TaskManagerTest lambda$testConcurrentTasksWithPriorities$1
INFO: Completando tarea Data7
jun 16, 2025 4:16:05 P. M. com.example.company.asyncawaitjava.task.TaskManager processTaskCompletion
INFO: Tarea completada exitosamente: task=com.example.company.asyncawaitjava.task.Task@247bddad, datos=Data6
jun 16, 2025 4:16:05 P. M. com.example.company.asyncawaitjava.task.TaskManagerTest lambda$testConcurrentTasksWithPriorities$0
INFO: Callback recibido para: Data6
jun 16, 2025 4:16:05 P. M. com.example.company.asyncawaitjava.task.TaskManager cleanupTask
INFO: Limpiando tarea=com.example.company.asyncawaitjava.task.Task@247bddad, datos=Data6
jun 16, 2025 4:16:05 P. M. com.example.company.asyncawaitjava.task.TaskManager processTaskCompletion
INFO: Procesando tarea: task=com.example.company.asyncawaitjava.task.Task@5e5d171f, datos=Data7, isCancelled=false, isFailed=false
jun 16, 2025 4:16:05 P. M. com.example.company.asyncawaitjava.task.TaskManagerTest lambda$testConcurrentTasksWithPriorities$1
INFO: Completando tarea Data8
jun 16, 2025 4:16:05 P. M. com.example.company.asyncawaitjava.task.TaskManagerTest lambda$testConcurrentTasksWithPriorities$1
INFO: Completando tarea Data9
jun 16, 2025 4:16:05 P. M. com.example.company.asyncawaitjava.task.TaskManager processTaskCompletion
INFO: Tarea completada exitosamente: task=com.example.company.asyncawaitjava.task.Task@5e5d171f, datos=Data7
jun 16, 2025 4:16:05 P. M. com.example.company.asyncawaitjava.task.TaskManager cleanupTask
INFO: Limpiando tarea=com.example.company.asyncawaitjava.task.Task@5e5d171f, datos=Data7
jun 16, 2025 4:16:05 P. M. com.example.company.asyncawaitjava.task.TaskManagerTest lambda$testConcurrentTasksWithPriorities$0
INFO: Callback recibido para: Data7
jun 16, 2025 4:16:05 P. M. com.example.company.asyncawaitjava.task.TaskManager processTaskCompletion
INFO: Procesando tarea: task=com.example.company.asyncawaitjava.task.Task@77f1baf5, datos=Data8, isCancelled=false, isFailed=false
jun 16, 2025 4:16:05 P. M. com.example.company.asyncawaitjava.task.TaskManager processTaskCompletion
INFO: Tarea completada exitosamente: task=com.example.company.asyncawaitjava.task.Task@77f1baf5, datos=Data8
jun 16, 2025 4:16:05 P. M. com.example.company.asyncawaitjava.task.TaskManagerTest lambda$testConcurrentTasksWithPriorities$0
INFO: Callback recibido para: Data8
jun 16, 2025 4:16:05 P. M. com.example.company.asyncawaitjava.task.TaskManager cleanupTask
INFO: Limpiando tarea=com.example.company.asyncawaitjava.task.Task@77f1baf5, datos=Data8
jun 16, 2025 4:16:05 P. M. com.example.company.asyncawaitjava.task.TaskManager processTaskCompletion
INFO: Procesando tarea: task=com.example.company.asyncawaitjava.task.Task@6c40365c, datos=Data9, isCancelled=false, isFailed=false
jun 16, 2025 4:16:05 P. M. com.example.company.asyncawaitjava.task.TaskManager processTaskCompletion
INFO: Tarea completada exitosamente: task=com.example.company.asyncawaitjava.task.Task@6c40365c, datos=Data9
jun 16, 2025 4:16:05 P. M. com.example.company.asyncawaitjava.task.TaskManagerTest lambda$testConcurrentTasksWithPriorities$0
INFO: Callback recibido para: Data9
jun 16, 2025 4:16:05 P. M. com.example.company.asyncawaitjava.task.TaskManager cleanupTask
INFO: Limpiando tarea=com.example.company.asyncawaitjava.task.Task@6c40365c, datos=Data9
jun 16, 2025 4:16:05 P. M. com.example.company.asyncawaitjava.task.TaskManager awaitAll
INFO: Iniciando awaitAll, tareas activas=0, métricas=Métricas de TaskManager: Completadas=10, Canceladas=0, Fallidas=0, Expiradas=0, Activas=0
jun 16, 2025 4:16:05 P. M. com.example.company.asyncawaitjava.task.TaskManager awaitAll
INFO: Finalizado awaitAll, tareas activas=0, métricas=Métricas de TaskManager: Completadas=10, Canceladas=0, Fallidas=0, Expiradas=0, Activas=0
jun 16, 2025 4:16:05 P. M. com.example.company.asyncawaitjava.task.TaskManager shutdownExecutors
INFO: Ejecutor java.util.concurrent.ScheduledThreadPoolExecutor@367ffa75[Terminated, pool size = 0, active threads = 0, queued tasks = 0, completed tasks = 10] cerrado exitosamente tras 1 intento(s)
jun 16, 2025 4:16:05 P. M. com.example.company.asyncawaitjava.task.TaskManager shutdownExecutors
INFO: Ejecutor java.util.concurrent.ThreadPoolExecutor@1ce24091[Terminated, pool size = 0, active threads = 0, queued tasks = 0, completed tasks = 21] cerrado exitosamente tras 1 intento(s)
jun 16, 2025 4:16:05 P. M. com.example.company.asyncawaitjava.task.TaskManager shutdownExecutors
INFO: Ejecutor java.util.concurrent.ThreadPoolExecutor@131ef10[Terminated, pool size = 0, active threads = 0, queued tasks = 0, completed tasks = 0] cerrado exitosamente tras 1 intento(s)
jun 16, 2025 4:16:05 P. M. com.example.company.asyncawaitjava.task.TaskManager close
INFO: TaskManager cerrado, tareas activas: 0, completadas: 10, canceladas: 0, fallidas: 0, timedOut: 0
]]></system-err>
  </testcase>
  <testcase name="testCancelTask" classname="com.example.company.asyncawaitjava.task.TaskManagerTest" time="2.009">
    <system-err><![CDATA[jun 16, 2025 4:16:05 P. M. com.example.company.asyncawaitjava.task.Task cancel
INFO: Task cancellation: task=com.example.company.asyncawaitjava.task.Task@6913c1fb, cancelled=true
jun 16, 2025 4:16:05 P. M. com.example.company.asyncawaitjava.task.Task cancel
INFO: Interrupted task thread: TaskManager-Executor-1
jun 16, 2025 4:16:05 P. M. com.example.company.asyncawaitjava.task.TaskManager executeWithRetries
WARNING: Interrumpido durante la ejecución de la tarea, intentos=1
jun 16, 2025 4:16:05 P. M. com.example.company.asyncawaitjava.task.Task lambda$execute$0
WARNING: Task execution failed: Interrumpido durante la ejecución de la tarea
jun 16, 2025 4:16:05 P. M. com.example.company.asyncawaitjava.task.TaskManager cleanupTask
INFO: Limpiando tarea=com.example.company.asyncawaitjava.task.Task@6913c1fb, datos=CancelManual
jun 16, 2025 4:16:05 P. M. com.example.company.asyncawaitjava.task.TaskManager cancelTask
INFO: Cancelación de tarea exitosa: tarea=com.example.company.asyncawaitjava.task.Task@6913c1fb, datos=CancelManualCallback, autoCancel=false, métricas=Métricas de TaskManager: Completadas=0, Canceladas=1, Fallidas=0, Expiradas=0, Activas=0
jun 16, 2025 4:16:05 P. M. com.example.company.asyncawaitjava.task.TaskManager awaitAll
INFO: Iniciando awaitAll, tareas activas=0, métricas=Métricas de TaskManager: Completadas=0, Canceladas=1, Fallidas=0, Expiradas=0, Activas=0
jun 16, 2025 4:16:05 P. M. com.example.company.asyncawaitjava.task.TaskManager awaitAll
INFO: Finalizado awaitAll, tareas activas=0, métricas=Métricas de TaskManager: Completadas=0, Canceladas=1, Fallidas=0, Expiradas=0, Activas=0
jun 16, 2025 4:16:07 P. M. com.example.company.asyncawaitjava.task.TaskManager shutdownExecutors
INFO: Ejecutor java.util.concurrent.ScheduledThreadPoolExecutor@7dc0f706[Terminated, pool size = 0, active threads = 0, queued tasks = 0, completed tasks = 1] cerrado exitosamente tras 1 intento(s)
jun 16, 2025 4:16:07 P. M. com.example.company.asyncawaitjava.task.TaskManager shutdownExecutors
INFO: Ejecutor java.util.concurrent.ThreadPoolExecutor@63475ace[Terminated, pool size = 0, active threads = 0, queued tasks = 0, completed tasks = 3] cerrado exitosamente tras 1 intento(s)
jun 16, 2025 4:16:07 P. M. com.example.company.asyncawaitjava.task.TaskManager shutdownExecutors
INFO: Ejecutor java.util.concurrent.ThreadPoolExecutor@158a8276[Terminated, pool size = 0, active threads = 0, queued tasks = 0, completed tasks = 0] cerrado exitosamente tras 1 intento(s)
jun 16, 2025 4:16:07 P. M. com.example.company.asyncawaitjava.task.TaskManager close
INFO: TaskManager cerrado, tareas activas: 0, completadas: 0, canceladas: 1, fallidas: 0, timedOut: 0
]]></system-err>
  </testcase>
</testsuite>