<?xml version="1.0" encoding="UTF-8"?>
<testsuite xmlns:xsi="http://www.w3.org/2001/XMLSchema-instance" xsi:noNamespaceSchemaLocation="https://maven.apache.org/surefire/maven-surefire-plugin/xsd/surefire-test-report.xsd" version="3.0.2" name="com.example.company.asyncawaitjava.task.TaskManagerTest" time="17.624" tests="8" errors="0" skipped="0" failures="0">
  <properties>
[...]
</properties>
  <testcase name="testLongRunningTask" classname="com.example.company.asyncawaitjava.task.TaskManagerTest" time="3.034">
    <system-err><![CDATA[jun 09, 2025 10:34:57 P. M. com.example.company.asyncawaitjava.task.TaskManager processTaskCompletion
INFO: Procesando tarea: task=com.example.company.asyncawaitjava.task.Task@6d763516, datos=LongData, isCancelled=false, isFailed=false
jun 09, 2025 10:34:57 P. M. com.example.company.asyncawaitjava.task.TaskManager processTaskCompletion
INFO: Tarea completada exitosamente: task=com.example.company.asyncawaitjava.task.Task@6d763516, datos=LongData
jun 09, 2025 10:34:57 P. M. com.example.company.asyncawaitjava.task.TaskManager cleanupTask
INFO: Limpiando tarea=com.example.company.asyncawaitjava.task.Task@6d763516, datos=LongData
jun 09, 2025 10:34:57 P. M. com.example.company.asyncawaitjava.task.TaskManager awaitAll
INFO: Iniciando awaitAll, tareas activas=0, métricas={timedOutTasks=0, activeTasks=0, cancelledTasks=0, completedTasks=1, failedTasks=0}
jun 09, 2025 10:34:57 P. M. com.example.company.asyncawaitjava.task.TaskManager awaitAll
INFO: Finalizado awaitAll, tareas activas=0, métricas={timedOutTasks=0, activeTasks=0, cancelledTasks=0, completedTasks=1, failedTasks=0}
jun 09, 2025 10:34:57 P. M. com.example.company.asyncawaitjava.task.TaskManager shutdownExecutors
INFO: Ejecutor java.util.concurrent.ScheduledThreadPoolExecutor@9f116cc[Terminated, pool size = 0, active threads = 0, queued tasks = 0, completed tasks = 1] cerrado exitosamente tras 1 intento(s)
jun 09, 2025 10:34:57 P. M. com.example.company.asyncawaitjava.task.TaskManager shutdownExecutors
INFO: Ejecutor java.util.concurrent.ThreadPoolExecutor@5b239d7d[Terminated, pool size = 0, active threads = 0, queued tasks = 0, completed tasks = 3] cerrado exitosamente tras 1 intento(s)
jun 09, 2025 10:34:57 P. M. com.example.company.asyncawaitjava.task.TaskManager shutdownExecutors
INFO: Ejecutor java.util.concurrent.ThreadPoolExecutor@6c64cb25[Terminated, pool size = 0, active threads = 0, queued tasks = 0, completed tasks = 0] cerrado exitosamente tras 1 intento(s)
jun 09, 2025 10:34:57 P. M. com.example.company.asyncawaitjava.task.TaskManager close
INFO: TaskManager cerrado, tareas activas: 0, completadas: 1, canceladas: 0, fallidas: 0, timedOut: 0
]]></system-err>
  </testcase>
  <testcase name="testSequentialTasksWithStrictAsync" classname="com.example.company.asyncawaitjava.task.TaskManagerTest" time="7.125">
    <system-out><![CDATA[Iniciando paso 1 con stepCounter=0
Ejecutando paso 1 (async) con retraso 107ms
Iniciando paso 2 con stepCounter=1
Callback ignorado para tarea intermedia, datos=test
Ejecutando paso 2 (async) con retraso 432ms
Iniciando paso 3 con stepCounter=2
Callback ignorado para tarea intermedia, datos=test
Ejecutando paso 3 (async) con retraso 476ms
Callback activado para tarea final, datos=test
]]></system-out>
    <system-err><![CDATA[jun 09, 2025 10:34:57 P. M. com.example.company.asyncawaitjava.task.TaskManager addTasks
INFO: Programadas 3 tareas en modo SEQUENTIAL_STRICT: data=test, priority=10
jun 09, 2025 10:34:57 P. M. com.example.company.asyncawaitjava.task.TaskManager processTaskCompletion
INFO: Procesando tarea: task=com.example.company.asyncawaitjava.task.Task@223191a6, datos=test, isCancelled=false, isFailed=false
jun 09, 2025 10:34:57 P. M. com.example.company.asyncawaitjava.task.TaskManager processTaskCompletion
INFO: Tarea completada exitosamente: task=com.example.company.asyncawaitjava.task.Task@223191a6, datos=test
jun 09, 2025 10:34:57 P. M. com.example.company.asyncawaitjava.task.TaskManager cleanupTask
INFO: Limpiando tarea=com.example.company.asyncawaitjava.task.Task@223191a6, datos=test
jun 09, 2025 10:34:58 P. M. com.example.company.asyncawaitjava.task.TaskManager processTaskCompletion
INFO: Procesando tarea: task=com.example.company.asyncawaitjava.task.Task@6cf0e0ba, datos=test, isCancelled=false, isFailed=false
jun 09, 2025 10:34:58 P. M. com.example.company.asyncawaitjava.task.TaskManager processTaskCompletion
INFO: Tarea completada exitosamente: task=com.example.company.asyncawaitjava.task.Task@6cf0e0ba, datos=test
jun 09, 2025 10:34:58 P. M. com.example.company.asyncawaitjava.task.TaskManager cleanupTask
INFO: Limpiando tarea=com.example.company.asyncawaitjava.task.Task@6cf0e0ba, datos=test
jun 09, 2025 10:34:58 P. M. com.example.company.asyncawaitjava.task.TaskManager awaitAll
INFO: Iniciando awaitAll, tareas activas=0, métricas={timedOutTasks=0, activeTasks=0, cancelledTasks=0, completedTasks=2, failedTasks=0}
jun 09, 2025 10:35:03 P. M. com.example.company.asyncawaitjava.task.TaskManager awaitAll
WARNING: taskExecutor no terminó en 5 segundos, forzando cierre
jun 09, 2025 10:35:04 P. M. com.example.company.asyncawaitjava.task.TaskManager awaitAll
SEVERE: No se pudo cerrar completamente el taskExecutor
jun 09, 2025 10:35:04 P. M. com.example.company.asyncawaitjava.task.TaskManager processTaskCompletion
INFO: Procesando tarea: task=com.example.company.asyncawaitjava.task.Task@293a5bf6, datos=test, isCancelled=false, isFailed=false
jun 09, 2025 10:35:04 P. M. com.example.company.asyncawaitjava.task.TaskManager awaitAll
INFO: Finalizado awaitAll, tareas activas=0, métricas={timedOutTasks=0, activeTasks=0, cancelledTasks=0, completedTasks=2, failedTasks=0}
jun 09, 2025 10:35:04 P. M. com.example.company.asyncawaitjava.task.TaskManager processTaskCompletion
INFO: Tarea completada exitosamente: task=com.example.company.asyncawaitjava.task.Task@293a5bf6, datos=test
jun 09, 2025 10:35:04 P. M. com.example.company.asyncawaitjava.task.TaskManager cleanupTask
INFO: Limpiando tarea=com.example.company.asyncawaitjava.task.Task@293a5bf6, datos=test
jun 09, 2025 10:35:04 P. M. com.example.company.asyncawaitjava.task.TaskManager shutdownExecutors
INFO: Ejecutor java.util.concurrent.ScheduledThreadPoolExecutor@478190fc[Terminated, pool size = 0, active threads = 0, queued tasks = 0, completed tasks = 3] cerrado exitosamente tras 1 intento(s)
jun 09, 2025 10:35:04 P. M. com.example.company.asyncawaitjava.task.TaskManager shutdownExecutors
INFO: Ejecutor java.util.concurrent.ThreadPoolExecutor@36bc55de[Terminated, pool size = 0, active threads = 0, queued tasks = 0, completed tasks = 9] cerrado exitosamente tras 1 intento(s)
jun 09, 2025 10:35:04 P. M. com.example.company.asyncawaitjava.task.TaskManager shutdownExecutors
INFO: Ejecutor java.util.concurrent.ThreadPoolExecutor@3c19aaa5[Terminated, pool size = 0, active threads = 0, queued tasks = 0, completed tasks = 1] cerrado exitosamente tras 1 intento(s)
jun 09, 2025 10:35:04 P. M. com.example.company.asyncawaitjava.task.TaskManager close
INFO: TaskManager cerrado, tareas activas: 0, completadas: 3, canceladas: 0, fallidas: 0, timedOut: 0
jun 09, 2025 10:35:04 P. M. com.example.company.asyncawaitjava.task.TaskManager shutdownExecutors
INFO: Ejecutor java.util.concurrent.ScheduledThreadPoolExecutor@222545dc[Terminated, pool size = 0, active threads = 0, queued tasks = 0, completed tasks = 0] cerrado exitosamente tras 1 intento(s)
jun 09, 2025 10:35:04 P. M. com.example.company.asyncawaitjava.task.TaskManager shutdownExecutors
INFO: Ejecutor java.util.concurrent.ThreadPoolExecutor@2d7275fc[Terminated, pool size = 0, active threads = 0, queued tasks = 0, completed tasks = 0] cerrado exitosamente tras 1 intento(s)
jun 09, 2025 10:35:04 P. M. com.example.company.asyncawaitjava.task.TaskManager shutdownExecutors
INFO: Ejecutor java.util.concurrent.ThreadPoolExecutor@595b007d[Terminated, pool size = 0, active threads = 0, queued tasks = 0, completed tasks = 0] cerrado exitosamente tras 1 intento(s)
jun 09, 2025 10:35:04 P. M. com.example.company.asyncawaitjava.task.TaskManager close
INFO: TaskManager cerrado, tareas activas: 0, completadas: 0, canceladas: 0, fallidas: 0, timedOut: 0
]]></system-err>
  </testcase>
  <testcase name="testScheduleTaskSuccess" classname="com.example.company.asyncawaitjava.task.TaskManagerTest" time="0.016">
    <system-err><![CDATA[jun 09, 2025 10:35:04 P. M. com.example.company.asyncawaitjava.task.TaskManager processTaskCompletion
INFO: Procesando tarea: task=com.example.company.asyncawaitjava.task.Task@34a3d150, datos=TestData, isCancelled=false, isFailed=false
jun 09, 2025 10:35:04 P. M. com.example.company.asyncawaitjava.task.TaskManager processTaskCompletion
INFO: Tarea completada exitosamente: task=com.example.company.asyncawaitjava.task.Task@34a3d150, datos=TestData
jun 09, 2025 10:35:04 P. M. com.example.company.asyncawaitjava.task.TaskManager cleanupTask
INFO: Limpiando tarea=com.example.company.asyncawaitjava.task.Task@34a3d150, datos=TestData
jun 09, 2025 10:35:04 P. M. com.example.company.asyncawaitjava.task.TaskManager awaitAll
INFO: Iniciando awaitAll, tareas activas=0, métricas={timedOutTasks=0, activeTasks=0, cancelledTasks=0, completedTasks=1, failedTasks=0}
jun 09, 2025 10:35:04 P. M. com.example.company.asyncawaitjava.task.TaskManager awaitAll
INFO: Finalizado awaitAll, tareas activas=0, métricas={timedOutTasks=0, activeTasks=0, cancelledTasks=0, completedTasks=1, failedTasks=0}
jun 09, 2025 10:35:04 P. M. com.example.company.asyncawaitjava.task.TaskManager shutdownExecutors
INFO: Ejecutor java.util.concurrent.ScheduledThreadPoolExecutor@799f10e1[Terminated, pool size = 0, active threads = 0, queued tasks = 0, completed tasks = 1] cerrado exitosamente tras 1 intento(s)
jun 09, 2025 10:35:04 P. M. com.example.company.asyncawaitjava.task.TaskManager shutdownExecutors
INFO: Ejecutor java.util.concurrent.ThreadPoolExecutor@2a65fe7c[Terminated, pool size = 0, active threads = 0, queued tasks = 0, completed tasks = 3] cerrado exitosamente tras 1 intento(s)
jun 09, 2025 10:35:04 P. M. com.example.company.asyncawaitjava.task.TaskManager shutdownExecutors
INFO: Ejecutor java.util.concurrent.ThreadPoolExecutor@128d2484[Terminated, pool size = 0, active threads = 0, queued tasks = 0, completed tasks = 0] cerrado exitosamente tras 1 intento(s)
jun 09, 2025 10:35:04 P. M. com.example.company.asyncawaitjava.task.TaskManager close
INFO: TaskManager cerrado, tareas activas: 0, completadas: 1, canceladas: 0, fallidas: 0, timedOut: 0
]]></system-err>
  </testcase>
  <testcase name="testSequentialTasksWithStrict" classname="com.example.company.asyncawaitjava.task.TaskManagerTest" time="0.022">
    <system-out><![CDATA[Ejecutando paso 1
Ejecutando paso 2
Ejecutando paso 3
]]></system-out>
    <system-err><![CDATA[jun 09, 2025 10:35:04 P. M. com.example.company.asyncawaitjava.task.TaskManager processTaskCompletion
INFO: Procesando tarea: task=com.example.company.asyncawaitjava.task.Task@34123d65, datos=test, isCancelled=false, isFailed=false
jun 09, 2025 10:35:04 P. M. com.example.company.asyncawaitjava.task.TaskManager processTaskCompletion
INFO: Tarea completada exitosamente: task=com.example.company.asyncawaitjava.task.Task@34123d65, datos=test
jun 09, 2025 10:35:04 P. M. com.example.company.asyncawaitjava.task.TaskManager cleanupTask
INFO: Limpiando tarea=com.example.company.asyncawaitjava.task.Task@34123d65, datos=test
jun 09, 2025 10:35:04 P. M. com.example.company.asyncawaitjava.task.TaskManager addTasks
INFO: Programadas 3 tareas en modo SEQUENTIAL_STRICT: data=test, priority=10
jun 09, 2025 10:35:04 P. M. com.example.company.asyncawaitjava.task.TaskManager processTaskCompletion
INFO: Procesando tarea: task=com.example.company.asyncawaitjava.task.Task@78691363, datos=test, isCancelled=false, isFailed=false
jun 09, 2025 10:35:04 P. M. com.example.company.asyncawaitjava.task.TaskManager shutdownExecutors
INFO: Ejecutor java.util.concurrent.ScheduledThreadPoolExecutor@7c7b252e[Terminated, pool size = 0, active threads = 0, queued tasks = 0, completed tasks = 0] cerrado exitosamente tras 1 intento(s)
jun 09, 2025 10:35:04 P. M. com.example.company.asyncawaitjava.task.TaskManager processTaskCompletion
INFO: Tarea completada exitosamente: task=com.example.company.asyncawaitjava.task.Task@78691363, datos=test
jun 09, 2025 10:35:04 P. M. com.example.company.asyncawaitjava.task.TaskManager shutdownExecutors
INFO: Ejecutor java.util.concurrent.ThreadPoolExecutor@7b2bbc3[Terminated, pool size = 0, active threads = 0, queued tasks = 0, completed tasks = 0] cerrado exitosamente tras 1 intento(s)
jun 09, 2025 10:35:04 P. M. com.example.company.asyncawaitjava.task.TaskManager cleanupTask
INFO: Limpiando tarea=com.example.company.asyncawaitjava.task.Task@78691363, datos=test
jun 09, 2025 10:35:04 P. M. com.example.company.asyncawaitjava.task.TaskManager shutdownExecutors
INFO: Ejecutor java.util.concurrent.ThreadPoolExecutor@692f203f[Terminated, pool size = 0, active threads = 0, queued tasks = 0, completed tasks = 0] cerrado exitosamente tras 1 intento(s)
jun 09, 2025 10:35:04 P. M. com.example.company.asyncawaitjava.task.TaskManager close
INFO: TaskManager cerrado, tareas activas: 0, completadas: 0, canceladas: 0, fallidas: 0, timedOut: 0
jun 09, 2025 10:35:04 P. M. com.example.company.asyncawaitjava.task.TaskManager processTaskCompletion
INFO: Procesando tarea: task=com.example.company.asyncawaitjava.task.Task@397fbdb, datos=test, isCancelled=false, isFailed=false
]]></system-err>
  </testcase>
  <testcase name="testRetries" classname="com.example.company.asyncawaitjava.task.TaskManagerTest" time="0.32">
    <system-err><![CDATA[jun 09, 2025 10:35:04 P. M. com.example.company.asyncawaitjava.task.TaskManager processTaskCompletion
INFO: Tarea completada exitosamente: task=com.example.company.asyncawaitjava.task.Task@397fbdb, datos=test
jun 09, 2025 10:35:04 P. M. com.example.company.asyncawaitjava.task.TaskManager cleanupTask
INFO: Limpiando tarea=com.example.company.asyncawaitjava.task.Task@397fbdb, datos=test
jun 09, 2025 10:35:05 P. M. com.example.company.asyncawaitjava.task.TaskManager$1RetryAttempt attempt
WARNING: Error tras 3 intentos, reintentos=2: Fallo intencional
jun 09, 2025 10:35:05 P. M. com.example.company.asyncawaitjava.task.Task lambda$execute$0
WARNING: Task execution failed: Error ejecutando la tarea tras 3 intentos
jun 09, 2025 10:35:05 P. M. com.example.company.asyncawaitjava.task.TaskManager processTaskCompletion
INFO: Procesando tarea: task=com.example.company.asyncawaitjava.task.Task@62379589, datos=RetryData, isCancelled=false, isFailed=true
jun 09, 2025 10:35:05 P. M. com.example.company.asyncawaitjava.task.TaskManager cleanupTask
INFO: Limpiando tarea=com.example.company.asyncawaitjava.task.Task@62379589, datos=RetryData
jun 09, 2025 10:35:05 P. M. com.example.company.asyncawaitjava.task.TaskManager awaitAll
INFO: Iniciando awaitAll, tareas activas=0, métricas={timedOutTasks=0, activeTasks=0, cancelledTasks=0, completedTasks=0, failedTasks=1}
jun 09, 2025 10:35:05 P. M. com.example.company.asyncawaitjava.task.TaskManager awaitAll
INFO: Finalizado awaitAll, tareas activas=0, métricas={timedOutTasks=0, activeTasks=0, cancelledTasks=0, completedTasks=0, failedTasks=1}
jun 09, 2025 10:35:05 P. M. com.example.company.asyncawaitjava.task.TaskManager shutdownExecutors
INFO: Ejecutor java.util.concurrent.ScheduledThreadPoolExecutor@5e0e82ae[Terminated, pool size = 0, active threads = 0, queued tasks = 0, completed tasks = 3] cerrado exitosamente tras 1 intento(s)
jun 09, 2025 10:35:05 P. M. com.example.company.asyncawaitjava.task.TaskManager shutdownExecutors
INFO: Ejecutor java.util.concurrent.ThreadPoolExecutor@36fc695d[Terminated, pool size = 0, active threads = 0, queued tasks = 0, completed tasks = 3] cerrado exitosamente tras 1 intento(s)
jun 09, 2025 10:35:05 P. M. com.example.company.asyncawaitjava.task.TaskManager shutdownExecutors
INFO: Ejecutor java.util.concurrent.ThreadPoolExecutor@776aec5c[Terminated, pool size = 0, active threads = 0, queued tasks = 0, completed tasks = 0] cerrado exitosamente tras 1 intento(s)
jun 09, 2025 10:35:05 P. M. com.example.company.asyncawaitjava.task.TaskManager close
INFO: TaskManager cerrado, tareas activas: 0, completadas: 0, canceladas: 0, fallidas: 1, timedOut: 0
]]></system-err>
  </testcase>
  <testcase name="testAbruptClose" classname="com.example.company.asyncawaitjava.task.TaskManagerTest" time="5.007">
    <system-err><![CDATA[jun 09, 2025 10:35:06 P. M. com.example.company.asyncawaitjava.task.Task cancel
INFO: Task cancellation: task=com.example.company.asyncawaitjava.task.Task@40a4337a, cancelled=true
jun 09, 2025 10:35:06 P. M. com.example.company.asyncawaitjava.task.Task cancel
INFO: Interrupted task thread: TaskManager-Executor-1
jun 09, 2025 10:35:06 P. M. com.example.company.asyncawaitjava.task.TaskManager executeWithRetries
WARNING: Interrumpido durante la ejecución de la tarea, intentos=1
jun 09, 2025 10:35:06 P. M. com.example.company.asyncawaitjava.task.Task lambda$execute$0
WARNING: Task execution failed: Interrumpido durante la ejecución de la tarea
jun 09, 2025 10:35:10 P. M. com.example.company.asyncawaitjava.task.TaskManager shutdownExecutors
INFO: Ejecutor java.util.concurrent.ScheduledThreadPoolExecutor@22555ebf[Terminated, pool size = 0, active threads = 0, queued tasks = 0, completed tasks = 1] cerrado exitosamente tras 1 intento(s)
jun 09, 2025 10:35:10 P. M. com.example.company.asyncawaitjava.task.TaskManager shutdownExecutors
INFO: Ejecutor java.util.concurrent.ThreadPoolExecutor@38425407[Terminated, pool size = 0, active threads = 0, queued tasks = 0, completed tasks = 2] cerrado exitosamente tras 1 intento(s)
jun 09, 2025 10:35:10 P. M. com.example.company.asyncawaitjava.task.TaskManager shutdownExecutors
INFO: Ejecutor java.util.concurrent.ThreadPoolExecutor@3c41ed1d[Terminated, pool size = 0, active threads = 0, queued tasks = 0, completed tasks = 1] cerrado exitosamente tras 1 intento(s)
jun 09, 2025 10:35:10 P. M. com.example.company.asyncawaitjava.task.TaskManager close
INFO: TaskManager cerrado, tareas activas: 0, completadas: 0, canceladas: 1, fallidas: 0, timedOut: 0
]]></system-err>
  </testcase>
  <testcase name="testConcurrentTasksWithPriorities" classname="com.example.company.asyncawaitjava.task.TaskManagerTest" time="0.076">
    <system-err><![CDATA[jun 09, 2025 10:35:10 P. M. com.example.company.asyncawaitjava.task.TaskManagerTest lambda$testConcurrentTasksWithPriorities$1
INFO: Completando tarea Data0
jun 09, 2025 10:35:10 P. M. com.example.company.asyncawaitjava.task.TaskManagerTest lambda$testConcurrentTasksWithPriorities$1
INFO: Completando tarea Data1
jun 09, 2025 10:35:10 P. M. com.example.company.asyncawaitjava.task.TaskManager processTaskCompletion
INFO: Procesando tarea: task=com.example.company.asyncawaitjava.task.Task@217ed35e, datos=Data0, isCancelled=false, isFailed=false
jun 09, 2025 10:35:10 P. M. com.example.company.asyncawaitjava.task.TaskManagerTest lambda$testConcurrentTasksWithPriorities$1
INFO: Completando tarea Data2
jun 09, 2025 10:35:10 P. M. com.example.company.asyncawaitjava.task.TaskManagerTest lambda$testConcurrentTasksWithPriorities$1
INFO: Completando tarea Data3
jun 09, 2025 10:35:10 P. M. com.example.company.asyncawaitjava.task.TaskManagerTest lambda$testConcurrentTasksWithPriorities$0
INFO: Callback recibido para: Data0
jun 09, 2025 10:35:10 P. M. com.example.company.asyncawaitjava.task.TaskManager processTaskCompletion
INFO: Tarea completada exitosamente: task=com.example.company.asyncawaitjava.task.Task@217ed35e, datos=Data0
jun 09, 2025 10:35:10 P. M. com.example.company.asyncawaitjava.task.TaskManager cleanupTask
INFO: Limpiando tarea=com.example.company.asyncawaitjava.task.Task@217ed35e, datos=Data0
jun 09, 2025 10:35:10 P. M. com.example.company.asyncawaitjava.task.TaskManager processTaskCompletion
INFO: Procesando tarea: task=com.example.company.asyncawaitjava.task.Task@662ac478, datos=Data1, isCancelled=false, isFailed=false
jun 09, 2025 10:35:10 P. M. com.example.company.asyncawaitjava.task.TaskManager processTaskCompletion
INFO: Tarea completada exitosamente: task=com.example.company.asyncawaitjava.task.Task@662ac478, datos=Data1
jun 09, 2025 10:35:10 P. M. com.example.company.asyncawaitjava.task.TaskManagerTest lambda$testConcurrentTasksWithPriorities$0
INFO: Callback recibido para: Data1
jun 09, 2025 10:35:10 P. M. com.example.company.asyncawaitjava.task.TaskManagerTest lambda$testConcurrentTasksWithPriorities$1
INFO: Completando tarea Data4
jun 09, 2025 10:35:10 P. M. com.example.company.asyncawaitjava.task.TaskManager cleanupTask
INFO: Limpiando tarea=com.example.company.asyncawaitjava.task.Task@662ac478, datos=Data1
jun 09, 2025 10:35:10 P. M. com.example.company.asyncawaitjava.task.TaskManager processTaskCompletion
INFO: Procesando tarea: task=com.example.company.asyncawaitjava.task.Task@77c2494c, datos=Data2, isCancelled=false, isFailed=false
jun 09, 2025 10:35:10 P. M. com.example.company.asyncawaitjava.task.TaskManager processTaskCompletion
INFO: Tarea completada exitosamente: task=com.example.company.asyncawaitjava.task.Task@77c2494c, datos=Data2
jun 09, 2025 10:35:10 P. M. com.example.company.asyncawaitjava.task.TaskManagerTest lambda$testConcurrentTasksWithPriorities$0
INFO: Callback recibido para: Data2
jun 09, 2025 10:35:10 P. M. com.example.company.asyncawaitjava.task.TaskManager cleanupTask
INFO: Limpiando tarea=com.example.company.asyncawaitjava.task.Task@77c2494c, datos=Data2
jun 09, 2025 10:35:10 P. M. com.example.company.asyncawaitjava.task.TaskManager processTaskCompletion
INFO: Procesando tarea: task=com.example.company.asyncawaitjava.task.Task@3eb738bb, datos=Data3, isCancelled=false, isFailed=false
jun 09, 2025 10:35:10 P. M. com.example.company.asyncawaitjava.task.TaskManagerTest lambda$testConcurrentTasksWithPriorities$1
INFO: Completando tarea Data5
jun 09, 2025 10:35:10 P. M. com.example.company.asyncawaitjava.task.TaskManager processTaskCompletion
INFO: Tarea completada exitosamente: task=com.example.company.asyncawaitjava.task.Task@3eb738bb, datos=Data3
jun 09, 2025 10:35:10 P. M. com.example.company.asyncawaitjava.task.TaskManagerTest lambda$testConcurrentTasksWithPriorities$0
INFO: Callback recibido para: Data3
jun 09, 2025 10:35:10 P. M. com.example.company.asyncawaitjava.task.TaskManager cleanupTask
INFO: Limpiando tarea=com.example.company.asyncawaitjava.task.Task@3eb738bb, datos=Data3
jun 09, 2025 10:35:10 P. M. com.example.company.asyncawaitjava.task.TaskManager processTaskCompletion
INFO: Procesando tarea: task=com.example.company.asyncawaitjava.task.Task@185a6e9, datos=Data4, isCancelled=false, isFailed=false
jun 09, 2025 10:35:10 P. M. com.example.company.asyncawaitjava.task.TaskManager processTaskCompletion
INFO: Tarea completada exitosamente: task=com.example.company.asyncawaitjava.task.Task@185a6e9, datos=Data4
jun 09, 2025 10:35:10 P. M. com.example.company.asyncawaitjava.task.TaskManager cleanupTask
INFO: Limpiando tarea=com.example.company.asyncawaitjava.task.Task@185a6e9, datos=Data4
jun 09, 2025 10:35:10 P. M. com.example.company.asyncawaitjava.task.TaskManagerTest lambda$testConcurrentTasksWithPriorities$0
INFO: Callback recibido para: Data4
jun 09, 2025 10:35:10 P. M. com.example.company.asyncawaitjava.task.TaskManager processTaskCompletion
INFO: Procesando tarea: task=com.example.company.asyncawaitjava.task.Task@3b0090a4, datos=Data5, isCancelled=false, isFailed=false
jun 09, 2025 10:35:10 P. M. com.example.company.asyncawaitjava.task.TaskManager processTaskCompletion
INFO: Tarea completada exitosamente: task=com.example.company.asyncawaitjava.task.Task@3b0090a4, datos=Data5
jun 09, 2025 10:35:10 P. M. com.example.company.asyncawaitjava.task.TaskManagerTest lambda$testConcurrentTasksWithPriorities$0
INFO: Callback recibido para: Data5
jun 09, 2025 10:35:10 P. M. com.example.company.asyncawaitjava.task.TaskManager cleanupTask
INFO: Limpiando tarea=com.example.company.asyncawaitjava.task.Task@3b0090a4, datos=Data5
jun 09, 2025 10:35:10 P. M. com.example.company.asyncawaitjava.task.TaskManagerTest lambda$testConcurrentTasksWithPriorities$1
INFO: Completando tarea Data6
jun 09, 2025 10:35:10 P. M. com.example.company.asyncawaitjava.task.TaskManager processTaskCompletion
INFO: Procesando tarea: task=com.example.company.asyncawaitjava.task.Task@4116aac9, datos=Data6, isCancelled=false, isFailed=false
jun 09, 2025 10:35:10 P. M. com.example.company.asyncawaitjava.task.TaskManager processTaskCompletion
INFO: Tarea completada exitosamente: task=com.example.company.asyncawaitjava.task.Task@4116aac9, datos=Data6
jun 09, 2025 10:35:10 P. M. com.example.company.asyncawaitjava.task.TaskManagerTest lambda$testConcurrentTasksWithPriorities$0
INFO: Callback recibido para: Data6
jun 09, 2025 10:35:10 P. M. com.example.company.asyncawaitjava.task.TaskManager cleanupTask
INFO: Limpiando tarea=com.example.company.asyncawaitjava.task.Task@4116aac9, datos=Data6
jun 09, 2025 10:35:10 P. M. com.example.company.asyncawaitjava.task.TaskManagerTest lambda$testConcurrentTasksWithPriorities$1
INFO: Completando tarea Data7
jun 09, 2025 10:35:10 P. M. com.example.company.asyncawaitjava.task.TaskManager processTaskCompletion
INFO: Procesando tarea: task=com.example.company.asyncawaitjava.task.Task@6ed3ccb2, datos=Data7, isCancelled=false, isFailed=false
jun 09, 2025 10:35:10 P. M. com.example.company.asyncawaitjava.task.TaskManager processTaskCompletion
INFO: Tarea completada exitosamente: task=com.example.company.asyncawaitjava.task.Task@6ed3ccb2, datos=Data7
jun 09, 2025 10:35:10 P. M. com.example.company.asyncawaitjava.task.TaskManagerTest lambda$testConcurrentTasksWithPriorities$1
INFO: Completando tarea Data8
jun 09, 2025 10:35:10 P. M. com.example.company.asyncawaitjava.task.TaskManager cleanupTask
INFO: Limpiando tarea=com.example.company.asyncawaitjava.task.Task@6ed3ccb2, datos=Data7
jun 09, 2025 10:35:10 P. M. com.example.company.asyncawaitjava.task.TaskManagerTest lambda$testConcurrentTasksWithPriorities$0
INFO: Callback recibido para: Data7
jun 09, 2025 10:35:10 P. M. com.example.company.asyncawaitjava.task.TaskManager processTaskCompletion
INFO: Procesando tarea: task=com.example.company.asyncawaitjava.task.Task@489115ef, datos=Data8, isCancelled=false, isFailed=false
jun 09, 2025 10:35:10 P. M. com.example.company.asyncawaitjava.task.TaskManagerTest lambda$testConcurrentTasksWithPriorities$1
INFO: Completando tarea Data9
jun 09, 2025 10:35:10 P. M. com.example.company.asyncawaitjava.task.TaskManagerTest lambda$testConcurrentTasksWithPriorities$0
INFO: Callback recibido para: Data8
jun 09, 2025 10:35:10 P. M. com.example.company.asyncawaitjava.task.TaskManager processTaskCompletion
INFO: Tarea completada exitosamente: task=com.example.company.asyncawaitjava.task.Task@489115ef, datos=Data8
jun 09, 2025 10:35:10 P. M. com.example.company.asyncawaitjava.task.TaskManager cleanupTask
INFO: Limpiando tarea=com.example.company.asyncawaitjava.task.Task@489115ef, datos=Data8
jun 09, 2025 10:35:10 P. M. com.example.company.asyncawaitjava.task.TaskManager processTaskCompletion
INFO: Procesando tarea: task=com.example.company.asyncawaitjava.task.Task@7c6908d7, datos=Data9, isCancelled=false, isFailed=false
jun 09, 2025 10:35:10 P. M. com.example.company.asyncawaitjava.task.TaskManager processTaskCompletion
INFO: Tarea completada exitosamente: task=com.example.company.asyncawaitjava.task.Task@7c6908d7, datos=Data9
jun 09, 2025 10:35:10 P. M. com.example.company.asyncawaitjava.task.TaskManagerTest lambda$testConcurrentTasksWithPriorities$0
INFO: Callback recibido para: Data9
jun 09, 2025 10:35:10 P. M. com.example.company.asyncawaitjava.task.TaskManager cleanupTask
INFO: Limpiando tarea=com.example.company.asyncawaitjava.task.Task@7c6908d7, datos=Data9
jun 09, 2025 10:35:10 P. M. com.example.company.asyncawaitjava.task.TaskManager awaitAll
INFO: Iniciando awaitAll, tareas activas=0, métricas={timedOutTasks=0, activeTasks=0, cancelledTasks=0, completedTasks=10, failedTasks=0}
jun 09, 2025 10:35:10 P. M. com.example.company.asyncawaitjava.task.TaskManager awaitAll
INFO: Finalizado awaitAll, tareas activas=0, métricas={timedOutTasks=0, activeTasks=0, cancelledTasks=0, completedTasks=10, failedTasks=0}
jun 09, 2025 10:35:10 P. M. com.example.company.asyncawaitjava.task.TaskManager shutdownExecutors
INFO: Ejecutor java.util.concurrent.ScheduledThreadPoolExecutor@44c03695[Terminated, pool size = 0, active threads = 0, queued tasks = 0, completed tasks = 10] cerrado exitosamente tras 1 intento(s)
jun 09, 2025 10:35:10 P. M. com.example.company.asyncawaitjava.task.TaskManager shutdownExecutors
INFO: Ejecutor java.util.concurrent.ThreadPoolExecutor@10683d9d[Terminated, pool size = 0, active threads = 0, queued tasks = 0, completed tasks = 21] cerrado exitosamente tras 1 intento(s)
jun 09, 2025 10:35:10 P. M. com.example.company.asyncawaitjava.task.TaskManager shutdownExecutors
INFO: Ejecutor java.util.concurrent.ThreadPoolExecutor@3bf7ca37[Terminated, pool size = 0, active threads = 0, queued tasks = 0, completed tasks = 0] cerrado exitosamente tras 1 intento(s)
jun 09, 2025 10:35:10 P. M. com.example.company.asyncawaitjava.task.TaskManager close
INFO: TaskManager cerrado, tareas activas: 0, completadas: 10, canceladas: 0, fallidas: 0, timedOut: 0
]]></system-err>
  </testcase>
  <testcase name="testCancelTask" classname="com.example.company.asyncawaitjava.task.TaskManagerTest" time="2.012">
    <system-err><![CDATA[jun 09, 2025 10:35:10 P. M. com.example.company.asyncawaitjava.task.Task cancel
INFO: Task cancellation: task=com.example.company.asyncawaitjava.task.Task@752325ad, cancelled=true
jun 09, 2025 10:35:10 P. M. com.example.company.asyncawaitjava.task.Task cancel
INFO: Interrupted task thread: TaskManager-Executor-1
jun 09, 2025 10:35:10 P. M. com.example.company.asyncawaitjava.task.TaskManager executeWithRetries
WARNING: Interrumpido durante la ejecución de la tarea, intentos=1
jun 09, 2025 10:35:10 P. M. com.example.company.asyncawaitjava.task.Task lambda$execute$0
WARNING: Task execution failed: Interrumpido durante la ejecución de la tarea
jun 09, 2025 10:35:10 P. M. com.example.company.asyncawaitjava.task.TaskManager cleanupTask
INFO: Limpiando tarea=com.example.company.asyncawaitjava.task.Task@752325ad, datos=CancelManual
jun 09, 2025 10:35:10 P. M. com.example.company.asyncawaitjava.task.TaskManager cancelTask
INFO: Cancelación de tarea exitosa: tarea=com.example.company.asyncawaitjava.task.Task@752325ad, datos=CancelManualCallback, autoCancel=false, métricas={timedOutTasks=0, activeTasks=0, cancelledTasks=1, completedTasks=0, failedTasks=0}
jun 09, 2025 10:35:10 P. M. com.example.company.asyncawaitjava.task.TaskManager awaitAll
INFO: Iniciando awaitAll, tareas activas=0, métricas={timedOutTasks=0, activeTasks=0, cancelledTasks=1, completedTasks=0, failedTasks=0}
jun 09, 2025 10:35:10 P. M. com.example.company.asyncawaitjava.task.TaskManager awaitAll
INFO: Finalizado awaitAll, tareas activas=0, métricas={timedOutTasks=0, activeTasks=0, cancelledTasks=1, completedTasks=0, failedTasks=0}
jun 09, 2025 10:35:12 P. M. com.example.company.asyncawaitjava.task.TaskManager shutdownExecutors
INFO: Ejecutor java.util.concurrent.ScheduledThreadPoolExecutor@55fe41ea[Terminated, pool size = 0, active threads = 0, queued tasks = 0, completed tasks = 1] cerrado exitosamente tras 1 intento(s)
jun 09, 2025 10:35:12 P. M. com.example.company.asyncawaitjava.task.TaskManager shutdownExecutors
INFO: Ejecutor java.util.concurrent.ThreadPoolExecutor@2aceadd4[Terminated, pool size = 0, active threads = 0, queued tasks = 0, completed tasks = 3] cerrado exitosamente tras 1 intento(s)
jun 09, 2025 10:35:12 P. M. com.example.company.asyncawaitjava.task.TaskManager shutdownExecutors
INFO: Ejecutor java.util.concurrent.ThreadPoolExecutor@65e98b1c[Terminated, pool size = 0, active threads = 0, queued tasks = 0, completed tasks = 0] cerrado exitosamente tras 1 intento(s)
jun 09, 2025 10:35:12 P. M. com.example.company.asyncawaitjava.task.TaskManager close
INFO: TaskManager cerrado, tareas activas: 0, completadas: 0, canceladas: 1, fallidas: 0, timedOut: 0
]]></system-err>
  </testcase>
</testsuite>