<?xml version="1.0" encoding="UTF-8"?>
<testsuite xmlns:xsi="http://www.w3.org/2001/XMLSchema-instance" xsi:noNamespaceSchemaLocation="https://maven.apache.org/surefire/maven-surefire-plugin/xsd/surefire-test-report.xsd" version="3.0.2" name="com.example.company.asyncawaitjava.task.RetryConfigTest" time="0.076" tests="3" errors="0" skipped="0" failures="0">
  <properties>
[...]
</properties>
  <testcase name="testDefaultConfig" classname="com.example.company.asyncawaitjava.task.RetryConfigTest" time="0.035"/>
  <testcase name="testInvalidParameters" classname="com.example.company.asyncawaitjava.task.RetryConfigTest" time="0.002"/>
  <testcase name="testCustomConfig" classname="com.example.company.asyncawaitjava.task.RetryConfigTest" time="0.002"/>
</testsuite>